<?xml version="1.0" encoding="UTF-8"?>
<!-- Generated by org.testng.reporters.JUnitXMLReporter -->
<testsuite ignored="12" hostname="DESKTOP-NPOGQ3C" failures="0" tests="1" name="Default test" time="18.351" errors="0" timestamp="2024-11-11T19:11:49 EET">
  <testcase classname="MyTestCases" name="iFrame" time="3.585"/>
  <testcase classname="MyTestCases" name="Mouse_Hover" time="0.0">
    <ignored/>
  </testcase> <!-- Mouse_Hover -->
  <testcase classname="MyTestCases" name="Enable_Disable" time="0.0">
    <ignored/>
  </testcase> <!-- Enable_Disable -->
  <testcase classname="MyTestCases" name="RadioButtons" time="0.0">
    <ignored/>
  </testcase> <!-- RadioButtons -->
  <testcase classname="MyTestCases" name="ElementDisplayed" time="0.0">
    <ignored/>
  </testcase> <!-- ElementDisplayed -->
  <testcase classname="MyTestCases" name="switchTab" time="0.0">
    <ignored/>
  </testcase> <!-- switchTab -->
  <testcase classname="MyTestCases" name="checkbox" time="0.0">
    <ignored/>
  </testcase> <!-- checkbox -->
  <testcase classname="MyTestCases" name="switcALERT" time="0.0">
    <ignored/>
  </testcase> <!-- switcALERT -->
  <testcase classname="MyTestCases" name="selectTag" time="0.0">
    <ignored/>
  </testcase> <!-- selectTag -->
  <testcase classname="MyTestCases" name="openWindow" time="0.0">
    <ignored/>
  </testcase> <!-- openWindow -->
  <testcase classname="MyTestCases" name="calendar" time="0.0">
    <ignored/>
  </testcase> <!-- calendar -->
  <testcase classname="MyTestCases" name="DynamicDropDownList" time="0.0">
    <ignored/>
  </testcase> <!-- DynamicDropDownList -->
  <testcase classname="MyTestCases" name="Table" time="0.0">
    <ignored/>
  </testcase> <!-- Table -->
</testsuite> <!-- Default test -->
