<?xml version="1.0" encoding="UTF-8"?>
<!-- Generated by org.testng.reporters.JUnitXMLReporter -->
<testsuite ignored="0" hostname="DESKTOP-NPOGQ3C" failures="0" tests="6" name="Default test" time="83.002" errors="0" timestamp="2024-11-08T17:03:03 EET">
  <testcase classname="MyTestCases" name="RadioButtons" time="0.202"/>
  <testcase classname="MyTestCases" name="DynamicDropDownList" time="1.232"/>
  <testcase classname="MyTestCases" name="selectTag" time="0.218"/>
  <testcase classname="MyTestCases" name="checkbox" time="0.214"/>
  <testcase classname="MyTestCases" name="openWindow" time="9.982"/>
  <testcase classname="MyTestCases" name="switchTab" time="57.246"/>
</testsuite> <!-- Default test -->
