<?xml version="1.0" encoding="UTF-8"?>
<testng-results ignored="0" total="3" passed="3" failed="0" skipped="0">
  <reporter-output>
  </reporter-output>
  <suite started-at="2024-11-03T00:25:53 EET" name="Default suite" finished-at="2024-11-03T00:26:04 EET" duration-ms="10084">
    <groups>
    </groups>
    <test started-at="2024-11-03T00:25:53 EET" name="Default test" finished-at="2024-11-03T00:26:04 EET" duration-ms="10084">
      <class name="MyTestCases">
        <test-method is-config="true" signature="mySetup()[pri:0, instance:MyTestCases@1b765a2c]" started-at="2024-11-03T00:25:53 EET" name="mySetup" finished-at="2024-11-03T00:26:02 EET" duration-ms="8442" status="PASS">
          <reporter-output>
          </reporter-output>
        </test-method> <!-- mySetup -->
        <test-method signature="RadioButtons()[pri:1, instance:MyTestCases@1b765a2c]" started-at="2024-11-03T00:26:02 EET" name="RadioButtons" finished-at="2024-11-03T00:26:02 EET" duration-ms="175" status="PASS">
          <reporter-output>
          </reporter-output>
        </test-method> <!-- RadioButtons -->
        <test-method signature="DynamicDropDownList()[pri:2, instance:MyTestCases@1b765a2c]" started-at="2024-11-03T00:26:02 EET" name="DynamicDropDownList" finished-at="2024-11-03T00:26:03 EET" duration-ms="1201" status="PASS">
          <reporter-output>
          </reporter-output>
        </test-method> <!-- DynamicDropDownList -->
        <test-method signature="selectTag()[pri:3, instance:MyTestCases@1b765a2c]" started-at="2024-11-03T00:26:03 EET" name="selectTag" finished-at="2024-11-03T00:26:04 EET" duration-ms="205" status="PASS">
          <reporter-output>
          </reporter-output>
        </test-method> <!-- selectTag -->
      </class> <!-- MyTestCases -->
    </test> <!-- Default test -->
  </suite> <!-- Default suite -->
</testng-results>
