<?xml version="1.0" encoding="UTF-8"?>
<testng-results ignored="8" total="11" passed="3" failed="0" skipped="0">
  <reporter-output>
  </reporter-output>
  <suite started-at="2024-11-10T22:10:41 EET" name="Default suite" finished-at="2024-11-10T22:11:23 EET" duration-ms="42057">
    <groups>
    </groups>
    <test started-at="2024-11-10T22:10:41 EET" name="Default test" finished-at="2024-11-10T22:11:23 EET" duration-ms="42057">
      <class name="MyTestCases">
        <test-method is-config="true" signature="mySetup()[pri:0, instance:MyTestCases@39a8312f]" started-at="2024-11-10T22:10:41 EET" name="mySetup" finished-at="2024-11-10T22:10:53 EET" duration-ms="11462" status="PASS">
          <reporter-output>
          </reporter-output>
        </test-method> <!-- mySetup -->
        <test-method signature="openWindow()[pri:5, instance:MyTestCases@39a8312f]" started-at="2024-11-10T22:10:53 EET" name="openWindow" finished-at="2024-11-10T22:11:06 EET" duration-ms="13636" status="PASS">
          <reporter-output>
          </reporter-output>
        </test-method> <!-- openWindow -->
        <test-method signature="switchTab()[pri:6, instance:MyTestCases@39a8312f]" started-at="2024-11-10T22:11:06 EET" name="switchTab" finished-at="2024-11-10T22:11:19 EET" duration-ms="12953" status="PASS">
          <reporter-output>
          </reporter-output>
        </test-method> <!-- switchTab -->
        <test-method signature="Mouse_Hover()[pri:11, instance:MyTestCases@39a8312f]" started-at="2024-11-10T22:11:19 EET" name="Mouse_Hover" finished-at="2024-11-10T22:11:23 EET" duration-ms="3928" status="PASS">
          <reporter-output>
          </reporter-output>
        </test-method> <!-- Mouse_Hover -->
      </class> <!-- MyTestCases -->
    </test> <!-- Default test -->
  </suite> <!-- Default suite -->
</testng-results>
